"R.version.3.2.3..2015.12.10."
"Platform: x86_64-apple-darwin13.4.0 (64-bit)"
"Running under: OS X 10.10.5 (Yosemite)"
"locale:"
"[1] en_US.UTF-8/en_US.UTF-8/en_US.UTF-8/C/en_US.UTF-8/en_US.UTF-8"
"attached base packages:"
"[1] stats     graphics  grDevices utils     datasets  methods   base     "
"other attached packages:"
" [1] qcc_2.6             car_2.1-2           geometry_0.3-6      magic_1.5-6         abind_1.4-3         RecordLinkage_0.4-8"
" [7] ffbase_0.12.3       ff_2.2-13           bit_1.1-12          RSQLite_1.0.0       DBI_0.3.1           plotly_3.4.13      "
"[13] ggplot2_2.1.0       shiny_0.13.2       "
"loaded via a namespace (and not attached):"
" [1] splines_3.2.3      lattice_0.20-33    colorspace_1.2-6   htmltools_0.3.5    mgcv_1.8-12        yaml_2.1.13       "
" [7] base64enc_0.1-3    chron_2.3-47       survival_2.39-2    prodlim_1.5.7      nloptr_1.0.4       e1071_1.6-7       "
"[13] plyr_1.8.3         lava_1.4.3         MatrixModels_0.4-1 munsell_0.4.3      gtable_0.2.0       htmlwidgets_0.6   "
"[19] ada_2.0-3          SparseM_1.7        httpuv_1.3.3       quantreg_5.21      pbkrtest_0.4-6     parallel_3.2.3    "
"[25] class_7.3-14       evd_2.3-2          Rcpp_0.12.4        xtable_1.8-2       scales_0.4.0       ipred_0.9-5       "
"[31] jsonlite_0.9.19    mime_0.4           lme4_1.1-12        gridExtra_2.2.1    fastmatch_1.0-4    digest_0.6.9      "
"[37] dplyr_0.4.3        grid_3.2.3         tools_3.2.3        magrittr_1.5       tidyr_0.4.1        MASS_7.3-45       "
"[43] Matrix_1.2-5       rsconnect_0.4.2.1  data.table_1.9.6   minqa_1.2.4        assertthat_0.1     httr_1.1.0        "
"[49] viridis_0.3.4      R6_2.1.2           rpart_4.1-10       nlme_3.1-127       nnet_7.3-12       "
" "
" "
"MSstatsqc - dataProcess function"
" "
"The column names : provided - okay"
