"R.version.3.2.4..2016.03.10."
"Platform: x86_64-apple-darwin13.4.0 (64-bit)"
"Running under: OS X 10.11.3 (El Capitan)"
"locale:"
"[1] en_US.UTF-8/en_US.UTF-8/en_US.UTF-8/C/en_US.UTF-8/en_US.UTF-8"
"attached base packages:"
"[1] stats     graphics  grDevices utils     datasets  methods   base     "
"other attached packages:"
"[1] RecordLinkage_0.4-9 ffbase_0.12.3       ff_2.2-13           bit_1.1-12          RSQLite_1.0.0       DBI_0.4-1          "
"[7] plotly_3.4.13       ggplot2_2.1.0       shiny_0.13.2       "
"loaded via a namespace (and not attached):"
" [1] Rcpp_0.12.4        RColorBrewer_1.1-2 plyr_1.8.3         viridis_0.3.4      base64enc_0.1-3    class_7.3-14      "
" [7] tools_3.2.4        evd_2.3-2          ipred_0.9-5        rpart_4.1-10       digest_0.6.9       lattice_0.20-33   "
"[13] jsonlite_0.9.20    gtable_0.2.0       Matrix_1.2-6       fastmatch_1.0-4    yaml_2.1.13        parallel_3.2.4    "
"[19] prodlim_1.5.7      gridExtra_2.2.1    e1071_1.6-7        dplyr_0.4.3        httr_1.1.0         htmlwidgets_0.6   "
"[25] nnet_7.3-12        grid_3.2.4         data.table_1.9.6   R6_2.1.2           survival_2.39-3    rmarkdown_0.9.6   "
"[31] lava_1.4.3         ada_2.0-3          tidyr_0.4.1        magrittr_1.5       splines_3.2.4      MASS_7.3-45       "
"[37] scales_0.4.0       htmltools_0.3.5    rsconnect_0.4.3    assertthat_0.1     mime_0.4           xtable_1.8-2      "
"[43] colorspace_1.2-6   httpuv_1.3.3       munsell_0.4.3      chron_2.3-47      "
" "
" "
"MSstatsqc - dataProcess function"
" "
"The column names : provided - okay"
