"R.version.3.2.4..2016.03.10."
"Platform: x86_64-apple-darwin13.4.0 (64-bit)"
"Running under: OS X 10.11.3 (El Capitan)"
"locale:"
"[1] en_US.UTF-8/en_US.UTF-8/en_US.UTF-8/C/en_US.UTF-8/en_US.UTF-8"
"attached base packages:"
"[1] stats     graphics  grDevices utils     datasets  methods   base     "
"other attached packages:"
" [1] RecordLinkage_0.4-9 ffbase_0.12.3       ff_2.2-13           bit_1.1-12          RSQLite_1.0.0       DBI_0.4-1          "
" [7] plotly_3.4.13       ggplot2_2.1.0       shiny_0.13.2        rsconnect_0.4.3    "
"loaded via a namespace (and not attached):"
" [1] splines_3.2.4        lattice_0.20-33      colorspace_1.2-6     htmltools_0.3.5      yaml_2.1.13          base64enc_0.1-3     "
" [7] chron_2.3-47         survival_2.39-3      prodlim_1.5.7        e1071_1.6-7          plyr_1.8.3           lava_1.4.3          "
"[13] munsell_0.4.3        gtable_0.2.0         htmlwidgets_0.6      ada_2.0-3            httpuv_1.3.3         BiocInstaller_1.20.3"
"[19] parallel_3.2.4       class_7.3-14         markdown_0.7.7       evd_2.3-2            Rcpp_0.12.4          xtable_1.8-2        "
"[25] scales_0.4.0         DT_0.1               ipred_0.9-5          jsonlite_0.9.20      mime_0.4             gridExtra_2.2.1     "
"[31] fastmatch_1.0-4      packrat_0.4.7-1      digest_0.6.9         dplyr_0.4.3          RJSONIO_1.3-0        grid_3.2.4          "
"[37] tools_3.2.4          bitops_1.0-6         magrittr_1.5         RCurl_1.95-4.8       tidyr_0.4.1          MASS_7.3-45         "
"[43] Matrix_1.2-6         data.table_1.9.6     rmarkdown_0.9.6      assertthat_0.1       httr_1.1.0           viridis_0.3.4       "
"[49] R6_2.1.2             rpart_4.1-10         nnet_7.3-12         "
" "
" "
"MSstatsqc - dataProcess function"
" "
"The column names : provided - okay"
